<?xml version="1.0" encoding="UTF-8"?>
<!-- Generated by org.testng.reporters.JUnitReportReporter -->
<testsuite skipped="1" hostname="BLRL79035" name="com.qa.selenium.design.test.GoogleTest" tests="2" failures="0" timestamp="28 Jun 2020 14:23:42 GMT" time="0.000" errors="1">
  <testcase name="googleWorkFlow" time="0.000" classname="com.qa.selenium.design.test.GoogleTest">
    <skipped/>
  </testcase> <!-- googleWorkFlow -->
  <testcase name="setUpPage" time="0.000" classname="com.qa.selenium.design.test.GoogleTest">
    <error type="java.lang.RuntimeException" message="java.lang.NoSuchMethodException: com.qa.selenium.design.srp.SearchWidget.&lt;init&gt;()">
      <![CDATA[java.lang.RuntimeException: java.lang.NoSuchMethodException: com.qa.selenium.design.srp.SearchWidget.<init>()
	at org.openqa.selenium.support.PageFactory.instantiatePage(PageFactory.java:131)
	at org.openqa.selenium.support.PageFactory.initElements(PageFactory.java:63)
	at com.qa.selenium.design.srp.GoogleMainPage.<init>(GoogleMainPage.java:15)
	at com.qa.selenium.design.test.GoogleTest.setUpPage(GoogleTest.java:18)
	at sun.reflect.NativeMethodAccessorImpl.invoke0(Native Method)
	at sun.reflect.NativeMethodAccessorImpl.invoke(NativeMethodAccessorImpl.java:62)
	at sun.reflect.DelegatingMethodAccessorImpl.invoke(DelegatingMethodAccessorImpl.java:43)
	at java.lang.reflect.Method.invoke(Method.java:498)
	at org.testng.internal.MethodInvocationHelper.invokeMethod(MethodInvocationHelper.java:108)
	at org.testng.internal.Invoker.invokeConfigurationMethod(Invoker.java:523)
	at org.testng.internal.Invoker.invokeConfigurations(Invoker.java:224)
	at org.testng.internal.Invoker.invokeConfigurations(Invoker.java:146)
	at org.testng.TestRunner.beforeRun(TestRunner.java:626)
	at org.testng.TestRunner.run(TestRunner.java:594)
	at org.testng.SuiteRunner.runTest(SuiteRunner.java:380)
	at org.testng.SuiteRunner.runSequentially(SuiteRunner.java:375)
	at org.testng.SuiteRunner.privateRun(SuiteRunner.java:340)
	at org.testng.SuiteRunner.run(SuiteRunner.java:289)
	at org.testng.SuiteRunnerWorker.runSuite(SuiteRunnerWorker.java:52)
	at org.testng.SuiteRunnerWorker.run(SuiteRunnerWorker.java:86)
	at org.testng.TestNG.runSuitesSequentially(TestNG.java:1301)
	at org.testng.TestNG.runSuitesLocally(TestNG.java:1226)
	at org.testng.TestNG.runSuites(TestNG.java:1144)
	at org.testng.TestNG.run(TestNG.java:1115)
	at org.testng.remote.AbstractRemoteTestNG.run(AbstractRemoteTestNG.java:132)
	at org.testng.remote.RemoteTestNG.initAndRun(RemoteTestNG.java:236)
	at org.testng.remote.RemoteTestNG.main(RemoteTestNG.java:81)
Caused by: java.lang.NoSuchMethodException: com.qa.selenium.design.srp.SearchWidget.<init>()
	at java.lang.Class.getConstructor0(Class.java:3082)
	at java.lang.Class.getDeclaredConstructor(Class.java:2178)
	at org.openqa.selenium.support.PageFactory.instantiatePage(PageFactory.java:128)
	... 26 more
]]>
    </error>
  </testcase> <!-- setUpPage -->
</testsuite> <!-- com.qa.selenium.design.test.GoogleTest -->
